2016-07-16 02:59:09 [127.0.0.1][1][nfuno6dh774le7kjul8igg2ae7][error][application] Underlying object class humhub\modules\wiki\models\WikiPage not found!
    in C:\wamp\www\tbdk\protected\humhub\components\behaviors\PolymorphicRelation.php:63
    in C:\wamp\www\tbdk\protected\humhub\modules\content\components\actions\Stream.php:246
    in C:\wamp\www\tbdk\protected\humhub\modules\content\components\actions\Stream.php:246
2016-07-16 02:59:09 [127.0.0.1][1][nfuno6dh774le7kjul8igg2ae7][error][yii\base\Exception] exception 'yii\base\Exception' with message 'Could not get contents underlying object!' in C:\wamp\www\tbdk\protected\humhub\modules\content\components\actions\Stream.php:249
Stack trace:
#0 [internal function]: humhub\modules\content\components\actions\Stream->run()
#1 C:\wamp\www\tbdk\protected\vendor\yiisoft\yii2\base\Action.php(92): call_user_func_array(Array, Array)
#2 C:\wamp\www\tbdk\protected\vendor\yiisoft\yii2\base\Controller.php(154): yii\base\Action->runWithParams(Array)
#3 C:\wamp\www\tbdk\protected\vendor\yiisoft\yii2\base\Module.php(454): yii\base\Controller->runAction('stream', Array)
#4 C:\wamp\www\tbdk\protected\vendor\yiisoft\yii2\web\Application.php(84): yii\base\Module->runAction('dashboard/dashb...', Array)
#5 C:\wamp\www\tbdk\protected\vendor\yiisoft\yii2\base\Application.php(375): yii\web\Application->handleRequest(Object(humhub\components\Request))
#6 C:\wamp\www\tbdk\index.php(25): yii\base\Application->run()
#7 {main}
2016-07-16 02:59:06 [127.0.0.1][1][nfuno6dh774le7kjul8igg2ae7][info][application] $_GET = [
    'r' => 'dashboard/dashboard/stream'
    'limit' => '4'
    'filters' => ''
    'sort' => 'c'
    'from' => ''
    'mode' => 'normal'
]

$_SERVER = [
    'HTTP_HOST' => 'localhost'
    'HTTP_USER_AGENT' => 'Mozilla/5.0 (Windows NT 6.1; WOW64; rv:47.0) Gecko/20100101 Firefox/47.0'
    'HTTP_ACCEPT' => 'application/json, text/javascript, */*; q=0.01'
    'HTTP_ACCEPT_LANGUAGE' => 'pt-BR,pt;q=0.8,en-US;q=0.5,en;q=0.3'
    'HTTP_ACCEPT_ENCODING' => 'gzip, deflate'
    'HTTP_X_CSRF_TOKEN' => 'SGY1dFkuc04gMFkiP3cHCyIXVzxsYRF3eBZ4NwNmPDYSNwUQPHFEHQ=='
    'HTTP_X_REQUESTED_WITH' => 'XMLHttpRequest'
    'HTTP_REFERER' => 'http://localhost/tbdk/index.php'
    'HTTP_COOKIE' => '_csrf=c9219e245af7a9d6c6ecfc34bf8ebc8f432af85ccddebb87bed743292107b303a%3A2%3A%7Bi%3A0%3Bs%3A5%3A%22_csrf%22%3Bi%3A1%3Bs%3A32%3A%22hVlVfYtEjqbH5Ob90pMCZHOxZQ0de_7S%22%3B%7D; language=bb6fe2b51b4703bab1e2b66084183764cd5d627a09c898ed4e59ae4de9fb924ba%3A2%3A%7Bi%3A0%3Bs%3A8%3A%22language%22%3Bi%3A1%3Bs%3A5%3A%22pt_br%22%3B%7D; PHPSESSID=nfuno6dh774le7kjul8igg2ae7; _identity=04b960879a9d6d0b0346754cfb95dec02817073bbbc3bd5bdb6591aba2fca63ba%3A2%3A%7Bi%3A0%3Bs%3A9%3A%22_identity%22%3Bi%3A1%3Bs%3A50%3A%22%5B1%2C%229b5a337a-df3d-4143-86c3-4db298b62826%22%2C2592000%5D%22%3B%7D'
    'HTTP_CONNECTION' => 'keep-alive'
    'PATH' => 'C:\\ProgramData\\Oracle\\Java\\javapath;C:\\Program Files (x86)\\Intel\\iCLS Client\\;C:\\Program Files\\Intel\\iCLS Client\\;C:\\Windows\\system32;C:\\Windows;C:\\Windows\\System32\\Wbem;C:\\Windows\\System32\\WindowsPowerShell\\v1.0\\;C:\\Program Files (x86)\\Intel\\OpenCL SDK\\2.0\\bin\\x86;C:\\Program Files (x86)\\Intel\\OpenCL SDK\\2.0\\bin\\x64;C:\\Program Files\\Intel\\Intel(R) Management Engine Components\\DAL;C:\\Program Files\\Intel\\Intel(R) Management Engine Components\\IPT;C:\\Program Files (x86)\\Intel\\Intel(R) Management Engine Components\\DAL;C:\\Program Files (x86)\\Intel\\Intel(R) Management Engine Components\\IPT;C:\\Program Files (x86)\\Intel\\OpenCL SDK\\2.0\\bin\\x86;C:\\Program Files (x86)\\Intel\\OpenCL SDK\\2.0\\bin\\x64;'
    'SystemRoot' => 'C:\\Windows'
    'COMSPEC' => 'C:\\Windows\\system32\\cmd.exe'
    'PATHEXT' => '.COM;.EXE;.BAT;.CMD;.VBS;.VBE;.JS;.JSE;.WSF;.WSH;.MSC'
    'WINDIR' => 'C:\\Windows'
    'SERVER_SIGNATURE' => '<address>Apache/2.4.9 (Win64) PHP/5.5.12 Server at localhost Port 80</address>
'
    'SERVER_SOFTWARE' => 'Apache/2.4.9 (Win64) PHP/5.5.12'
    'SERVER_NAME' => 'localhost'
    'SERVER_ADDR' => '127.0.0.1'
    'SERVER_PORT' => '80'
    'REMOTE_ADDR' => '127.0.0.1'
    'DOCUMENT_ROOT' => 'C:/wamp/www/'
    'REQUEST_SCHEME' => 'http'
    'CONTEXT_PREFIX' => ''
    'CONTEXT_DOCUMENT_ROOT' => 'C:/wamp/www/'
    'SERVER_ADMIN' => 'admin@example.com'
    'SCRIPT_FILENAME' => 'C:/wamp/www/tbdk/index.php'
    'REMOTE_PORT' => '51308'
    'GATEWAY_INTERFACE' => 'CGI/1.1'
    'SERVER_PROTOCOL' => 'HTTP/1.1'
    'REQUEST_METHOD' => 'GET'
    'QUERY_STRING' => 'r=dashboard%2Fdashboard%2Fstream&limit=4&filters=&sort=c&from=&mode=normal'
    'REQUEST_URI' => '/tbdk/index.php?r=dashboard%2Fdashboard%2Fstream&limit=4&filters=&sort=c&from=&mode=normal'
    'SCRIPT_NAME' => '/tbdk/index.php'
    'PHP_SELF' => '/tbdk/index.php'
    'REQUEST_TIME_FLOAT' => 1468648745.974
    'REQUEST_TIME' => 1468648745
]
